<?xml version="1.0" encoding="utf-8"?><testsuites><testsuite name="pytest" errors="0" failures="0" skipped="0" tests="1" time="0.773" timestamp="2024-10-11T12:36:12.492978" hostname="master"><testcase classname="tests.e2e.test_client" name="test_broker" time="0.280" /></testsuite></testsuites>