<?xml version="1.0" encoding="utf-8"?><testsuites><testsuite name="pytest" errors="0" failures="0" skipped="0" tests="1" time="0.467" timestamp="2024-07-11T20:25:24.478434" hostname="241023.local"><testcase classname="tests.e2e.test_client" name="test_broker" time="0.070" /></testsuite></testsuites>