<?xml version="1.0" encoding="utf-8"?><testsuites><testsuite name="pytest" errors="0" failures="0" skipped="0" tests="1" time="0.576" timestamp="2024-10-11T12:39:09.118477" hostname="master"><testcase classname="tests.e2e.test_client" name="test_broker" time="0.093" /></testsuite></testsuites>