<?xml version="1.0" encoding="utf-8"?><testsuites><testsuite name="pytest" errors="0" failures="0" skipped="0" tests="1" time="0.929" timestamp="2024-11-04T14:20:30.375172" hostname="master"><testcase classname="tests.e2e.test_client" name="test_broker" time="0.123" /></testsuite></testsuites>